Сборка начата 05.05.2020 11:39:48.
Уровень детализации журнала: Normal.     1>Проект "K:\Uni\LP\labs\LP_Lab08S\LP_Lab08L\LP_Lab08L.vcxproj" в узле 2 (целевые объекты Rebuild).
     1>_PrepareForClean:
         Файл "Debug\LP_Lab08L.tlog\LP_Lab08L.lastbuildstate" удаляется.
       CoreClean:
         Файл "K:\Uni\LP\labs\LP_Lab08S\Debug\LP_Lab08L.pdb" удаляется.
         Файл "K:\Uni\LP\labs\LP_Lab08S\LP_Lab08L\Debug\LP_Lab08L.pdb" удаляется.
       InitializeBuildStatus:
         Создание "Debug\LP_Lab08L.tlog\unsuccessfulbuild", так как было задано "AlwaysCreate".
       ClCompile:
         C:\Program Files (x86)\Microsoft Visual Studio\2019\Community\VC\Tools\MSVC\14.25.28610\bin\HostX86\x86\CL.exe /c /ZI /JMC /nologo /W3 /WX- /diagnostics:column /sdl /Od /Oy- /D WIN32 /D _DEBUG /D _CONSOLE /D _UNICODE /D UNICODE /Gm- /EHsc /RTC1 /MDd /GS /fp:precise /permissive- /Zc:wchar_t /Zc:forScope /Zc:inline /Fo"Debug\\" /Fd"Debug\LP_Lab08L.pdb" /Gd /TP /analyze- /FC /errorReport:prompt ..\..\LP_Lab07\Dictionary.cpp
         Dictionary.cpp
     1>K:\Uni\LP\labs\LP_Lab07\Dictionary.cpp(57): warning C4715: Dictionary::GetEntr: значение возвращается не при всех путях выполнения
       Lib:
         C:\Program Files (x86)\Microsoft Visual Studio\2019\Community\VC\Tools\MSVC\14.25.28610\bin\HostX86\x86\Lib.exe /OUT:"K:\Uni\LP\labs\LP_Lab08S\Debug\LP_Lab08L.lib" /NOLOGO /MACHINE:X86 Debug\Dictionary.obj
         LP_Lab08L.vcxproj -> K:\Uni\LP\labs\LP_Lab08S\Debug\LP_Lab08L.lib
       CopyFilesToOutputDirectory:
         Копирование файла из "K:\Uni\LP\labs\LP_Lab08S\LP_Lab08L\Debug\LP_Lab08L.pdb" в "K:\Uni\LP\labs\LP_Lab08S\Debug\LP_Lab08L.pdb".
       FinalizeBuildStatus:
         Файл "Debug\LP_Lab08L.tlog\unsuccessfulbuild" удаляется.
         Обращение к "Debug\LP_Lab08L.tlog\LP_Lab08L.lastbuildstate".
     1>Сборка проекта "K:\Uni\LP\labs\LP_Lab08S\LP_Lab08L\LP_Lab08L.vcxproj" завершена (целевые объекты Rebuild).

Сборка успешно завершена.

       "K:\Uni\LP\labs\LP_Lab08S\LP_Lab08L\LP_Lab08L.vcxproj" (целевой объект Rebuild ) (1) ->
       (Целевой объект ClCompile) -> 
         K:\Uni\LP\labs\LP_Lab07\Dictionary.cpp(57): warning C4715: Dictionary::GetEntr: значение возвращается не при всех путях выполнения

    Предупреждений: 1
    Ошибок: 0

Прошло времени 00:00:01.31
